[INFO] 03:12:46:651 CONSOLA/(26623:26623): CANTIDAD DE PARAMETROS INCORRECTA
[INFO] 03:43:32:354 CONSOLA/(28036:28036): CANTIDAD DE PARAMETROS INCORRECTA
[INFO] 04:02:21:873 CONSOLA/(28649:28649): ENTRO
[INFO] 04:02:21:882 CONSOLA/(28649:28649): SALIO
[INFO] 04:06:23:596 CONSOLA/(28753:28753): ENTRO
[INFO] 04:09:39:695 CONSOLA/(28848:28848): ENTRO
[INFO] 04:12:47:497 CONSOLA/(28928:28928): ENTRO
[INFO] 04:13:07:536 CONSOLA/(28980:28980): ENTRO
[INFO] 04:13:31:965 CONSOLA/(29037:29037): ENTRO
[INFO] 04:16:08:857 CONSOLA/(29188:29188): CANTIDAD DE PARAMETROS INCORRECTA
[INFO] 04:16:10:526 CONSOLA/(29189:29189): CANTIDAD DE PARAMETROS INCORRECTA
[INFO] 04:16:15:900 CONSOLA/(29190:29190): CANTIDAD DE PARAMETROS INCORRECTA
[INFO] 04:16:33:928 CONSOLA/(29193:29193): ENTRO
[ERROR] 19:50:33:735 CONSOLA/(7381:7381): CANTIDAD DE PARAMETROS INCORRECTA
[ERROR] 23:36:36:132 CONSOLA/(12233:12233): Cantidad de parametros incorrecta, abortando...
[ERROR] 19:33:32:291 CONSOLA/(8818:8818): Cantidad de parametros incorrecta, abortando...
[ERROR] 01:02:07:055 CONSOLA/(19362:19362): Cantidad de parametros incorrecta, abortando...
[ERROR] 01:03:45:260 CONSOLA/(19863:19863): Cantidad de parametros incorrecta, abortando...
[ERROR] 01:47:10:801 CONSOLA/(30923:30923): Cantidad de parametros incorrecta, abortando...
[INFO] 02:12:37:804 CONSOLA/(4963:4963): El proceso finalizó correctamente
[INFO] 02:13:20:758 CONSOLA/(5177:5177): El proceso finalizó correctamente
[INFO] 02:21:24:075 CONSOLA/(7779:7779): El proceso finalizó correctamente
[INFO] 19:19:02:424 CONSOLA/(7099:7099): El proceso finalizó correctamente
[INFO] 19:29:57:873 CONSOLA/(9627:9627): El proceso finalizó correctamente
[INFO] 19:45:23:777 CONSOLA/(13412:13412): El proceso finalizó correctamente
[INFO] 19:46:50:493 CONSOLA/(14079:14079): El proceso finalizó correctamente
[INFO] 19:47:19:704 CONSOLA/(14199:14199): El proceso finalizó correctamente
[INFO] 19:47:24:954 CONSOLA/(14235:14235): El proceso finalizó correctamente
[INFO] 19:47:31:413 CONSOLA/(14282:14282): El proceso finalizó correctamente
[INFO] 19:51:25:232 CONSOLA/(15274:15274): El proceso finalizó correctamente
[INFO] 19:55:02:080 CONSOLA/(16078:16078): El proceso finalizó correctamente
[INFO] 19:56:10:710 CONSOLA/(16519:16519): El proceso finalizó correctamente
[INFO] 19:57:53:728 CONSOLA/(23945:23945): El proceso finalizó correctamente
[INFO] 22:13:49:727 CONSOLA/(21634:21634): El proceso finalizó correctamente
[ERROR] 00:32:01:469 CONSOLA/(21507:21507): Ocurrió un error durante la ejecucion del proceso
[ERROR] 00:34:23:041 CONSOLA/(22050:22050): Ocurrió un error durante la ejecucion del proceso
[ERROR] 00:34:54:983 CONSOLA/(22240:22240): Ocurrió un error durante la ejecucion del proceso
[ERROR] 00:35:04:544 CONSOLA/(22279:22279): Ocurrió un error durante la ejecucion del proceso
[INFO] 00:35:54:458 CONSOLA/(22530:22530): El proceso finalizó correctamente
[INFO] 00:39:31:842 CONSOLA/(23397:23397): El proceso finalizó correctamente
[INFO] 00:40:17:072 CONSOLA/(23671:23671): El proceso finalizó correctamente
[INFO] 01:30:50:393 CONSOLA/(3198:3198): El proceso finalizó correctamente
[INFO] 02:35:28:633 CONSOLA/(18092:18092): El proceso finalizó correctamente
[ERROR] 02:41:18:702 CONSOLA/(19528:19528): Ocurrió un error durante la ejecucion del proceso
[ERROR] 02:45:28:459 CONSOLA/(20413:20413): Ocurrió un error durante la ejecucion del proceso
[ERROR] 02:47:02:444 CONSOLA/(20854:20854): Ocurrió un error durante la ejecucion del proceso
[INFO] 02:58:54:711 CONSOLA/(23951:23951): El proceso finalizó correctamente
[ERROR] 03:01:08:769 CONSOLA/(25394:25394): Ocurrió un error durante la ejecucion del proceso
[INFO] 03:05:35:438 CONSOLA/(13333:13333): El proceso finalizó correctamente
[INFO] 03:08:00:807 CONSOLA/(14056:14056): El proceso finalizó correctamente
[INFO] 03:12:04:637 CONSOLA/(15029:15029): El proceso finalizó correctamente
[INFO] 03:12:35:279 CONSOLA/(5809:5809): El proceso finalizó correctamente
[ERROR] 17:41:51:026 CONSOLA/(10557:10557): Cantidad de parametros incorrecta, abortando...
[INFO] 17:42:07:494 CONSOLA/(10623:10623): El proceso finalizó correctamente
[INFO] 17:44:09:196 CONSOLA/(21241:21241): El proceso finalizó correctamente
[INFO] 17:46:23:538 CONSOLA/(29813:29813): El proceso finalizó correctamente
[ERROR] 17:47:42:233 CONSOLA/(681:681): Ocurrió un error durante la ejecucion del proceso
[ERROR] 17:48:05:723 CONSOLA/(29128:29128): Ocurrió un error durante la ejecucion del proceso
[INFO] 17:48:52:767 CONSOLA/(29360:29360): El proceso finalizó correctamente
[INFO] 17:51:35:598 CONSOLA/(30301:30301): El proceso finalizó correctamente
[ERROR] 17:52:37:012 CONSOLA/(30761:30761): Ocurrió un error durante la ejecucion del proceso
[INFO] 17:54:05:777 CONSOLA/(21051:21051): El proceso finalizó correctamente
[INFO] 17:58:53:801 CONSOLA/(22234:22234): El proceso finalizó correctamente
[INFO] 18:09:48:558 CONSOLA/(24514:24514): El proceso finalizó correctamente
[INFO] 18:12:19:107 CONSOLA/(25456:25456): El proceso finalizó correctamente
[ERROR] 18:23:15:193 CONSOLA/(28152:28152): Ocurrió un error durante la ejecucion del proceso
[ERROR] 18:23:40:355 CONSOLA/(28450:28450): Ocurrió un error durante la ejecucion del proceso
[INFO] 18:26:43:927 CONSOLA/(29174:29174): El proceso finalizó correctamente
[ERROR] 21:27:51:785 CONSOLA/(6282:6282): Ocurrió un error durante la ejecucion del proceso
[ERROR] 20:23:27:518 CONSOLA/(13087:13087): Ocurrió un error durante la ejecucion del proceso
[ERROR] 20:26:27:214 CONSOLA/(13448:13448): Ocurrió un error durante la ejecucion del proceso
[INFO] 20:27:03:914 CONSOLA/(14092:14092): El proceso finalizó correctamente
[ERROR] 20:27:09:225 CONSOLA/(14125:14125): Ocurrió un error durante la ejecucion del proceso
[INFO] 20:37:15:401 CONSOLA/(17063:17063): El proceso finalizó correctamente
[ERROR] 20:37:24:994 CONSOLA/(17104:17104): Ocurrió un error durante la ejecucion del proceso
[INFO] 20:38:34:742 CONSOLA/(17467:17467): El proceso finalizó correctamente
[ERROR] 20:38:46:524 CONSOLA/(17527:17527): Ocurrió un error durante la ejecucion del proceso
[INFO] 20:38:56:816 CONSOLA/(17587:17587): El proceso finalizó correctamente
[ERROR] 20:39:00:153 CONSOLA/(17609:17609): Ocurrió un error durante la ejecucion del proceso
[INFO] 20:44:09:018 CONSOLA/(18856:18856): El proceso finalizó correctamente
[ERROR] 20:44:32:661 CONSOLA/(18952:18952): Ocurrió un error durante la ejecucion del proceso
[INFO] 21:26:55:517 CONSOLA/(28527:28527): El proceso finalizó correctamente
[INFO] 21:27:02:307 CONSOLA/(28554:28554): El proceso finalizó correctamente
[INFO] 21:27:07:332 CONSOLA/(28580:28580): El proceso finalizó correctamente
[INFO] 21:27:07:478 CONSOLA/(28585:28585): El proceso finalizó correctamente
[INFO] 21:27:07:619 CONSOLA/(28590:28590): El proceso finalizó correctamente
[INFO] 21:30:14:234 CONSOLA/(29402:29402): El proceso finalizó correctamente
[INFO] 21:30:17:105 CONSOLA/(29419:29419): El proceso finalizó correctamente
[INFO] 21:30:28:417 CONSOLA/(29466:29466): El proceso finalizó correctamente
[INFO] 21:30:29:049 CONSOLA/(29472:29472): El proceso finalizó correctamente
[INFO] 21:30:29:641 CONSOLA/(29478:29478): El proceso finalizó correctamente
[INFO] 21:30:30:585 CONSOLA/(29489:29489): El proceso finalizó correctamente
[INFO] 21:30:31:224 CONSOLA/(29495:29495): El proceso finalizó correctamente
[INFO] 21:30:34:138 CONSOLA/(29511:29511): El proceso finalizó correctamente
[INFO] 21:30:34:267 CONSOLA/(29517:29517): El proceso finalizó correctamente
[INFO] 21:30:35:287 CONSOLA/(29528:29528): El proceso finalizó correctamente
[INFO] 21:30:35:424 CONSOLA/(29534:29534): El proceso finalizó correctamente
[INFO] 21:30:35:561 CONSOLA/(29540:29540): El proceso finalizó correctamente
[INFO] 21:30:35:697 CONSOLA/(29546:29546): El proceso finalizó correctamente
[INFO] 21:30:35:839 CONSOLA/(29557:29557): El proceso finalizó correctamente
[INFO] 21:30:41:233 CONSOLA/(29622:29622): El proceso finalizó correctamente
[INFO] 21:30:47:025 CONSOLA/(29650:29650): El proceso finalizó correctamente
[INFO] 21:30:50:449 CONSOLA/(29669:29669): El proceso finalizó correctamente
[INFO] 21:53:42:281 CONSOLA/(3267:3267): El proceso finalizó correctamente
[INFO] 21:53:46:152 CONSOLA/(3285:3285): El proceso finalizó correctamente
[INFO] 21:53:47:856 CONSOLA/(3302:3302): El proceso finalizó correctamente
[INFO] 21:57:10:161 CONSOLA/(4465:4465): El proceso finalizó correctamente
[INFO] 21:57:11:351 CONSOLA/(4476:4476): El proceso finalizó correctamente
[INFO] 21:57:11:952 CONSOLA/(4487:4487): El proceso finalizó correctamente
[INFO] 21:57:12:459 CONSOLA/(4493:4493): El proceso finalizó correctamente
[INFO] 21:57:12:913 CONSOLA/(4499:4499): El proceso finalizó correctamente
[INFO] 22:02:22:815 CONSOLA/(5966:5966): El proceso finalizó correctamente
[INFO] 22:02:32:544 CONSOLA/(6004:6004): El proceso finalizó correctamente
[INFO] 22:02:33:576 CONSOLA/(6016:6016): El proceso finalizó correctamente
[INFO] 22:05:02:097 CONSOLA/(6331:6331): El proceso finalizó correctamente
[ERROR] 22:05:20:670 CONSOLA/(6793:6793): Ocurrió un error durante la ejecucion del proceso
[INFO] 22:09:22:861 CONSOLA/(7855:7855): El proceso finalizó correctamente
[INFO] 22:09:29:005 CONSOLA/(7884:7884): El proceso finalizó correctamente
[INFO] 22:09:42:701 CONSOLA/(7938:7938): El proceso finalizó correctamente
[INFO] 22:09:49:085 CONSOLA/(7969:7969): El proceso finalizó correctamente
[INFO] 22:09:57:173 CONSOLA/(8005:8005): El proceso finalizó correctamente
[INFO] 00:14:19:629 CONSOLA/(3771:3771): El proceso finalizó correctamente
[INFO] 00:15:25:153 CONSOLA/(4078:4078): El proceso finalizó correctamente
[INFO] 00:15:35:112 CONSOLA/(4121:4121): El proceso finalizó correctamente
[INFO] 00:15:40:801 CONSOLA/(4148:4148): El proceso finalizó correctamente
[INFO] 00:18:50:144 CONSOLA/(4944:4944): El proceso finalizó correctamente
[INFO] 00:18:52:650 CONSOLA/(4963:4963): El proceso finalizó correctamente
[INFO] 00:18:56:753 CONSOLA/(4979:4979): El proceso finalizó correctamente
[INFO] 00:25:25:074 CONSOLA/(6896:6896): El proceso finalizó correctamente
[INFO] 00:25:27:647 CONSOLA/(6916:6916): El proceso finalizó correctamente
[INFO] 00:25:45:080 CONSOLA/(7017:7017): El proceso finalizó correctamente
[INFO] 00:25:46:731 CONSOLA/(7029:7029): El proceso finalizó correctamente
[INFO] 00:25:49:502 CONSOLA/(7048:7048): El proceso finalizó correctamente
[INFO] 01:02:08:718 CONSOLA/(16785:16785): El proceso finalizó correctamente
[INFO] 01:04:30:343 CONSOLA/(17483:17483): El proceso finalizó correctamente
[INFO] 01:23:07:919 CONSOLA/(22203:22203): El proceso finalizó correctamente
[INFO] 01:23:10:597 CONSOLA/(22221:22221): El proceso finalizó correctamente
[ERROR] 01:29:49:689 CONSOLA/(23786:23786): Ocurrió un error durante la ejecucion del proceso
[INFO] 01:30:05:288 CONSOLA/(24069:24069): El proceso finalizó correctamente
[INFO] 01:30:08:418 CONSOLA/(24092:24092): El proceso finalizó correctamente
[INFO] 01:30:19:444 CONSOLA/(24140:24140): El proceso finalizó correctamente
[INFO] 01:30:44:215 CONSOLA/(24240:24240): El proceso finalizó correctamente
[INFO] 01:30:46:392 CONSOLA/(24258:24258): El proceso finalizó correctamente
[INFO] 01:30:47:584 CONSOLA/(24271:24271): El proceso finalizó correctamente
[INFO] 01:30:48:168 CONSOLA/(24278:24278): El proceso finalizó correctamente
[INFO] 01:35:35:232 CONSOLA/(25626:25626): El proceso finalizó correctamente
[INFO] 01:35:36:837 CONSOLA/(25644:25644): El proceso finalizó correctamente
