[INFO] 14:25:19:792 MEMORIA/(6518:6518): Cantidad de marcos: 512
[INFO] 14:25:19:793 MEMORIA/(6518:6518): Memoria lista para recibir clientes
[INFO] 14:25:37:843 MEMORIA/(6518:6519): Kernel solicita INICIO PROCESO
[INFO] 14:25:37:843 MEMORIA/(6518:6519): Se creo la tabla de primer nivel: 1
[INFO] 14:25:37:843 MEMORIA/(6518:6519): Tablas segundo nivel:
[INFO] 14:25:37:843 MEMORIA/(6518:6519): 1
[INFO] 14:25:37:843 MEMORIA/(6518:6519): Marcos: 
[INFO] 14:25:37:843 MEMORIA/(6518:6519): 0
[INFO] 14:25:37:843 MEMORIA/(6518:6519): 1
[INFO] 14:25:37:843 MEMORIA/(6518:6519): 2
[INFO] 14:25:37:843 MEMORIA/(6518:6519): 3
[INFO] 14:25:37:843 MEMORIA/(6518:6519): Tablas segundo nivel:
[INFO] 14:25:37:843 MEMORIA/(6518:6519): 2
[INFO] 14:25:37:843 MEMORIA/(6518:6519): Marcos: 
[INFO] 14:25:37:843 MEMORIA/(6518:6519): 4
[INFO] 14:25:37:843 MEMORIA/(6518:6519): 5
[INFO] 14:25:37:843 MEMORIA/(6518:6519): 6
[INFO] 14:25:37:843 MEMORIA/(6518:6519): 7
[INFO] 14:25:37:843 MEMORIA/(6518:6519): Tablas segundo nivel:
[INFO] 14:25:37:843 MEMORIA/(6518:6519): 3
[INFO] 14:25:37:843 MEMORIA/(6518:6519): Marcos: 
[INFO] 14:25:37:843 MEMORIA/(6518:6519): 8
[INFO] 14:25:37:843 MEMORIA/(6518:6519): 9
[INFO] 14:25:37:843 MEMORIA/(6518:6519): 10
[INFO] 14:25:37:843 MEMORIA/(6518:6519): 11
[INFO] 14:25:37:843 MEMORIA/(6518:6519): Tablas segundo nivel:
[INFO] 14:25:37:843 MEMORIA/(6518:6519): 4
[INFO] 14:25:37:843 MEMORIA/(6518:6519): Marcos: 
[INFO] 14:25:37:843 MEMORIA/(6518:6519): 12
[INFO] 14:25:37:843 MEMORIA/(6518:6519): 13
[INFO] 14:25:37:843 MEMORIA/(6518:6519): 14
[INFO] 14:25:37:843 MEMORIA/(6518:6519): 15
[INFO] 14:25:42:844 MEMORIA/(6518:6519): Kernel solicita FINALIZACION PROCESO
[INFO] 14:25:42:844 MEMORIA/(6518:6519): Id a finalizar: 6554
[ERROR] 14:25:58:461 MEMORIA/(6518:6519): Se desconecto el kernel
[INFO] 19:58:55:359 MEMORIA/(3869:3869): Cantidad de marcos: 512
[INFO] 19:58:55:360 MEMORIA/(3869:3869): Memoria lista para recibir clientes
[INFO] 19:59:15:335 MEMORIA/(3869:3870): Kernel solicita INICIO PROCESO
[INFO] 19:59:15:335 MEMORIA/(3869:3870): Se creo la tabla de primer nivel: 1
[INFO] 19:59:15:335 MEMORIA/(3869:3870): Tablas segundo nivel:
[INFO] 19:59:15:335 MEMORIA/(3869:3870): 1
[INFO] 19:59:15:335 MEMORIA/(3869:3870): Marcos: 
[INFO] 19:59:15:335 MEMORIA/(3869:3870): 0
[INFO] 19:59:15:335 MEMORIA/(3869:3870): 1
[INFO] 19:59:15:335 MEMORIA/(3869:3870): 2
[INFO] 19:59:15:335 MEMORIA/(3869:3870): 3
[INFO] 19:59:15:335 MEMORIA/(3869:3870): Tablas segundo nivel:
[INFO] 19:59:15:335 MEMORIA/(3869:3870): 2
[INFO] 19:59:15:335 MEMORIA/(3869:3870): Marcos: 
[INFO] 19:59:15:335 MEMORIA/(3869:3870): 4
[INFO] 19:59:15:335 MEMORIA/(3869:3870): 5
[INFO] 19:59:15:335 MEMORIA/(3869:3870): 6
[INFO] 19:59:15:335 MEMORIA/(3869:3870): 7
[INFO] 19:59:15:335 MEMORIA/(3869:3870): Tablas segundo nivel:
[INFO] 19:59:15:335 MEMORIA/(3869:3870): 3
[INFO] 19:59:15:335 MEMORIA/(3869:3870): Marcos: 
[INFO] 19:59:15:335 MEMORIA/(3869:3870): 8
[INFO] 19:59:15:335 MEMORIA/(3869:3870): 9
[INFO] 19:59:15:335 MEMORIA/(3869:3870): 10
[INFO] 19:59:15:335 MEMORIA/(3869:3870): 11
[INFO] 19:59:15:335 MEMORIA/(3869:3870): Tablas segundo nivel:
[INFO] 19:59:15:335 MEMORIA/(3869:3870): 4
[INFO] 19:59:15:335 MEMORIA/(3869:3870): Marcos: 
[INFO] 19:59:15:335 MEMORIA/(3869:3870): 12
[INFO] 19:59:15:335 MEMORIA/(3869:3870): 13
[INFO] 19:59:15:335 MEMORIA/(3869:3870): 14
[INFO] 19:59:15:335 MEMORIA/(3869:3870): 15
[INFO] 19:59:20:338 MEMORIA/(3869:3870): Kernel solicita FINALIZACION PROCESO
[INFO] 19:59:20:339 MEMORIA/(3869:3870): Id a finalizar: 3909
[ERROR] 20:00:38:143 MEMORIA/(3869:3870): Se desconecto el kernel
[INFO] 20:03:05:291 MEMORIA/(5057:5057): Cantidad de marcos: 512
[INFO] 20:03:05:292 MEMORIA/(5057:5057): Memoria lista para recibir clientes
[INFO] 20:03:09:628 MEMORIA/(5057:5058): Kernel solicita INICIO PROCESO
[INFO] 20:03:09:628 MEMORIA/(5057:5058): Se creo la tabla de primer nivel: 1
[INFO] 20:03:09:628 MEMORIA/(5057:5058): Tablas segundo nivel:
[INFO] 20:03:09:628 MEMORIA/(5057:5058): 1
[INFO] 20:03:09:628 MEMORIA/(5057:5058): Marcos: 
[INFO] 20:03:09:628 MEMORIA/(5057:5058): 0
[INFO] 20:03:09:628 MEMORIA/(5057:5058): 1
[INFO] 20:03:09:628 MEMORIA/(5057:5058): 2
[INFO] 20:03:09:628 MEMORIA/(5057:5058): 3
[INFO] 20:03:09:628 MEMORIA/(5057:5058): Tablas segundo nivel:
[INFO] 20:03:09:628 MEMORIA/(5057:5058): 2
[INFO] 20:03:09:628 MEMORIA/(5057:5058): Marcos: 
[INFO] 20:03:09:628 MEMORIA/(5057:5058): 4
[INFO] 20:03:09:628 MEMORIA/(5057:5058): 5
[INFO] 20:03:09:628 MEMORIA/(5057:5058): 6
[INFO] 20:03:09:628 MEMORIA/(5057:5058): 7
[INFO] 20:03:09:628 MEMORIA/(5057:5058): Tablas segundo nivel:
[INFO] 20:03:09:628 MEMORIA/(5057:5058): 3
[INFO] 20:03:09:628 MEMORIA/(5057:5058): Marcos: 
[INFO] 20:03:09:628 MEMORIA/(5057:5058): 8
[INFO] 20:03:09:628 MEMORIA/(5057:5058): 9
[INFO] 20:03:09:628 MEMORIA/(5057:5058): 10
[INFO] 20:03:09:628 MEMORIA/(5057:5058): 11
[INFO] 20:03:09:628 MEMORIA/(5057:5058): Tablas segundo nivel:
[INFO] 20:03:09:628 MEMORIA/(5057:5058): 4
[INFO] 20:03:09:628 MEMORIA/(5057:5058): Marcos: 
[INFO] 20:03:09:628 MEMORIA/(5057:5058): 12
[INFO] 20:03:09:628 MEMORIA/(5057:5058): 13
[INFO] 20:03:09:628 MEMORIA/(5057:5058): 14
[INFO] 20:03:09:628 MEMORIA/(5057:5058): 15
[INFO] 20:03:14:631 MEMORIA/(5057:5058): Kernel solicita FINALIZACION PROCESO
[INFO] 20:03:14:631 MEMORIA/(5057:5058): Id a finalizar: 5066
[ERROR] 20:03:30:789 MEMORIA/(5057:5058): Se desconecto el kernel
[INFO] 20:07:45:078 MEMORIA/(6256:6256): Cantidad de marcos: 512
[INFO] 20:07:45:078 MEMORIA/(6256:6256): Memoria lista para recibir clientes
[INFO] 20:07:49:734 MEMORIA/(6256:6257): Kernel solicita INICIO PROCESO
[INFO] 20:07:49:734 MEMORIA/(6256:6257): Se creo la tabla de primer nivel: 1
[INFO] 20:07:49:734 MEMORIA/(6256:6257): Tablas segundo nivel:
[INFO] 20:07:49:734 MEMORIA/(6256:6257): 1
[INFO] 20:07:49:734 MEMORIA/(6256:6257): Marcos: 
[INFO] 20:07:49:734 MEMORIA/(6256:6257): 0
[INFO] 20:07:49:735 MEMORIA/(6256:6257): 1
[INFO] 20:07:49:735 MEMORIA/(6256:6257): 2
[INFO] 20:07:49:735 MEMORIA/(6256:6257): 3
[INFO] 20:07:49:735 MEMORIA/(6256:6257): Tablas segundo nivel:
[INFO] 20:07:49:735 MEMORIA/(6256:6257): 2
[INFO] 20:07:49:735 MEMORIA/(6256:6257): Marcos: 
[INFO] 20:07:49:735 MEMORIA/(6256:6257): 4
[INFO] 20:07:49:735 MEMORIA/(6256:6257): 5
[INFO] 20:07:49:735 MEMORIA/(6256:6257): 6
[INFO] 20:07:49:735 MEMORIA/(6256:6257): 7
[INFO] 20:07:49:735 MEMORIA/(6256:6257): Tablas segundo nivel:
[INFO] 20:07:49:735 MEMORIA/(6256:6257): 3
[INFO] 20:07:49:735 MEMORIA/(6256:6257): Marcos: 
[INFO] 20:07:49:735 MEMORIA/(6256:6257): 8
[INFO] 20:07:49:735 MEMORIA/(6256:6257): 9
[INFO] 20:07:49:735 MEMORIA/(6256:6257): 10
[INFO] 20:07:49:735 MEMORIA/(6256:6257): 11
[INFO] 20:07:49:735 MEMORIA/(6256:6257): Tablas segundo nivel:
[INFO] 20:07:49:735 MEMORIA/(6256:6257): 4
[INFO] 20:07:49:735 MEMORIA/(6256:6257): Marcos: 
[INFO] 20:07:49:735 MEMORIA/(6256:6257): 12
[INFO] 20:07:49:735 MEMORIA/(6256:6257): 13
[INFO] 20:07:49:735 MEMORIA/(6256:6257): 14
[INFO] 20:07:49:735 MEMORIA/(6256:6257): 15
[INFO] 20:07:54:737 MEMORIA/(6256:6257): Kernel solicita FINALIZACION PROCESO
[INFO] 20:07:54:737 MEMORIA/(6256:6257): Id a finalizar: 6271
[ERROR] 20:08:00:329 MEMORIA/(6256:6257): Se desconecto el kernel
[INFO] 20:14:10:046 MEMORIA/(8196:8196): Cantidad de marcos: 512
[INFO] 20:14:10:046 MEMORIA/(8196:8196): Memoria lista para recibir clientes
[INFO] 20:14:13:934 MEMORIA/(8196:8197): Kernel solicita INICIO PROCESO
[INFO] 20:14:13:934 MEMORIA/(8196:8197): Se creo la tabla de primer nivel: 1
[INFO] 20:14:13:936 MEMORIA/(8196:8197): Tablas segundo nivel:
[INFO] 20:14:13:936 MEMORIA/(8196:8197): 1
[INFO] 20:14:13:936 MEMORIA/(8196:8197): Marcos: 
[INFO] 20:14:13:936 MEMORIA/(8196:8197): 0
[INFO] 20:14:13:936 MEMORIA/(8196:8197): 1
[INFO] 20:14:13:936 MEMORIA/(8196:8197): 2
[INFO] 20:14:13:936 MEMORIA/(8196:8197): 3
[INFO] 20:14:13:936 MEMORIA/(8196:8197): Tablas segundo nivel:
[INFO] 20:14:13:936 MEMORIA/(8196:8197): 2
[INFO] 20:14:13:936 MEMORIA/(8196:8197): Marcos: 
[INFO] 20:14:13:936 MEMORIA/(8196:8197): 4
[INFO] 20:14:13:936 MEMORIA/(8196:8197): 5
[INFO] 20:14:13:936 MEMORIA/(8196:8197): 6
[INFO] 20:14:13:936 MEMORIA/(8196:8197): 7
[INFO] 20:14:13:936 MEMORIA/(8196:8197): Tablas segundo nivel:
[INFO] 20:14:13:936 MEMORIA/(8196:8197): 3
[INFO] 20:14:13:937 MEMORIA/(8196:8197): Marcos: 
[INFO] 20:14:13:937 MEMORIA/(8196:8197): 8
[INFO] 20:14:13:937 MEMORIA/(8196:8197): 9
[INFO] 20:14:13:937 MEMORIA/(8196:8197): 10
[INFO] 20:14:13:937 MEMORIA/(8196:8197): 11
[INFO] 20:14:13:937 MEMORIA/(8196:8197): Tablas segundo nivel:
[INFO] 20:14:13:937 MEMORIA/(8196:8197): 4
[INFO] 20:14:13:937 MEMORIA/(8196:8197): Marcos: 
[INFO] 20:14:13:937 MEMORIA/(8196:8197): 12
[INFO] 20:14:13:937 MEMORIA/(8196:8197): 13
[INFO] 20:14:13:937 MEMORIA/(8196:8197): 14
[INFO] 20:14:13:937 MEMORIA/(8196:8197): 15
[INFO] 20:14:18:939 MEMORIA/(8196:8197): Kernel solicita FINALIZACION PROCESO
[INFO] 20:14:18:939 MEMORIA/(8196:8197): Id a finalizar: 8211
[ERROR] 20:14:28:029 MEMORIA/(8196:8197): Se desconecto el kernel
