[INFO] 00:33:22:108 CPU/(8578:8578): 
###### INICIO DE LOGGER ######
[INFO] 00:33:22:108 CPU/(8578:8578): Entro: iniciar_cpu
[INFO] 00:33:22:108 CPU/(8578:8578):  Lee archivo de configuraciones
[INFO] 00:33:22:108 CPU/(8578:8578): Asigno a los semaforos con valores iniciales
[INFO] 00:33:22:108 CPU/(8578:8578): Entro: iniciar_conexion_cpu_memoria
[INFO] 00:33:22:108 CPU/(8578:8578): Entro: iniciar_servidor_dispatch
[INFO] 00:33:22:108 CPU/(8578:8578): Entro: iniciar_servidor_cpu
[INFO] 00:33:22:108 CPU/(8578:8578):  Se creara un socket_servidor para la IP: 127.0.0.1
[INFO] 00:33:22:109 CPU/(8578:8578):  Se creara un socket_servidor en el PUERTO: 8001
[INFO] 00:33:22:109 CPU/(8578:8578):  Se creo el socket_servidor:  4, listo para escuchar al cliente
[INFO] 00:33:22:109 CPU/(8578:8578): Se creo el Hilo: interrupt
[INFO] 00:33:22:109 CPU/(8578:8578): Entro: esperar_cliente_dispatch
[INFO] 00:33:22:109 CPU/(8578:8578): Entro: esperar_cliente_cpu
[INFO] 00:33:22:109 CPU/(8578:8578):  Socket server recibido: 4
[INFO] 00:33:22:109 CPU/(8578:8578):  Queda BLOQUEADO este hilo hasta que se conecte un cliente
[INFO] 00:33:22:109 CPU/(8578:8579): Entro: escuchaInterrup(...)
[INFO] 00:33:22:109 CPU/(8578:8579): Entro: iniciar_servidor_interrupt
[INFO] 00:33:22:109 CPU/(8578:8579): Entro: iniciar_servidor_cpu
[INFO] 00:33:22:109 CPU/(8578:8579):  Se creara un socket_servidor para la IP: 127.0.0.1
[INFO] 00:33:22:109 CPU/(8578:8579):  Se creara un socket_servidor en el PUERTO: 8005
[INFO] 00:33:22:109 CPU/(8578:8579):  Se creo el socket_servidor:  6, listo para escuchar al cliente
[INFO] 00:33:22:109 CPU/(8578:8579): Entro: esperar_cliente_interrupt
[INFO] 00:33:22:110 CPU/(8578:8579): Entro: esperar_cliente_cpu
[INFO] 00:33:22:110 CPU/(8578:8579):  Socket server recibido: 6
[INFO] 00:33:22:110 CPU/(8578:8579):  Queda BLOQUEADO este hilo hasta que se conecte un cliente
[INFO] 00:33:34:922 CPU/(8578:8578):  Termino el BLOQUEO
[INFO] 00:33:34:923 CPU/(8578:8578):  Se conecto un cliente y se creo el socket_cliente: 5. Puerto tipo: dispatch
[INFO] 00:33:34:923 CPU/(8578:8578): INICIO: recibir_operaciones()
[INFO] 00:33:34:923 CPU/(8578:8578):  --- A ESPERA DE UNA OPERACION
[INFO] 00:33:42:892 CPU/(8578:8578):  -----------
[INFO] 00:33:42:892 CPU/(8578:8578):  El kernel envio un PCB con losn siguientes datos:
[INFO] 00:33:42:892 CPU/(8578:8578): 
id: 8585
[INFO] 00:33:42:892 CPU/(8578:8578): estimacion: 10000
[INFO] 00:33:42:892 CPU/(8578:8578): program counter: 0
[INFO] 00:33:42:892 CPU/(8578:8578): socket: 7
[INFO] 00:33:42:893 CPU/(8578:8578): numero de tabla: 0
[INFO] 00:33:42:893 CPU/(8578:8578): tamanio de consola: 34
[INFO] 00:33:42:893 CPU/(8578:8578): lista Instrucciones:
[INFO] 00:33:42:893 CPU/(8578:8578): NO_OP
[INFO] 00:33:42:893 CPU/(8578:8578): NO_OP
[INFO] 00:33:42:893 CPU/(8578:8578): NO_OP
[INFO] 00:33:42:893 CPU/(8578:8578): NO_OP
[INFO] 00:33:42:893 CPU/(8578:8578): I/O 5000
[INFO] 00:33:42:893 CPU/(8578:8578): EXIT
[INFO] 00:33:42:893 CPU/(8578:8578):  -----------

[INFO] 00:33:42:893 CPU/(8578:8578):  Nro de instrucion: 0
[INFO] 00:33:42:893 CPU/(8578:8578): instruccion/codigo op: NO_OP
[INFO] 00:33:42:893 CPU/(8578:8578): Time: 1000
[INFO] 00:33:43:893 CPU/(8578:8578):  Nro de instrucion: 1
[INFO] 00:33:43:894 CPU/(8578:8578): instruccion/codigo op: NO_OP
[INFO] 00:33:43:894 CPU/(8578:8578): Time: 1000
[INFO] 00:33:44:894 CPU/(8578:8578):  Nro de instrucion: 2
[INFO] 00:33:44:894 CPU/(8578:8578): instruccion/codigo op: NO_OP
[INFO] 00:33:44:894 CPU/(8578:8578): Time: 1000
[INFO] 00:33:45:895 CPU/(8578:8578):  Nro de instrucion: 3
[INFO] 00:33:45:895 CPU/(8578:8578): instruccion/codigo op: NO_OP
[INFO] 00:33:45:895 CPU/(8578:8578): Time: 1000
[INFO] 00:33:46:896 CPU/(8578:8578):  Nro de instrucion: 4
[INFO] 00:33:46:896 CPU/(8578:8578): instruccion/codigo op: I/O
[INFO] 00:33:46:896 CPU/(8578:8578): Llego a i_o()
[INFO] 00:33:46:896 CPU/(8578:8578): Llego responsePorBloqueo()
[INFO] 00:33:46:896 CPU/(8578:8578): 
id: 8585
[INFO] 00:33:46:896 CPU/(8578:8578): estimacion: 10000
[INFO] 00:33:46:896 CPU/(8578:8578): program counter: 5
[INFO] 00:33:46:896 CPU/(8578:8578): socket: 7
[INFO] 00:33:46:896 CPU/(8578:8578): numero de tabla: 0
[INFO] 00:33:46:896 CPU/(8578:8578): tamanio de consola: 34
[INFO] 00:33:46:896 CPU/(8578:8578): lista Instrucciones:
[INFO] 00:33:46:896 CPU/(8578:8578): NO_OP
[INFO] 00:33:46:896 CPU/(8578:8578): NO_OP
[INFO] 00:33:46:896 CPU/(8578:8578): NO_OP
[INFO] 00:33:46:896 CPU/(8578:8578): NO_OP
[INFO] 00:33:46:896 CPU/(8578:8578): I/O 5000
[INFO] 00:33:46:896 CPU/(8578:8578): EXIT
[INFO] 00:33:46:896 CPU/(8578:8578):  -----------

[INFO] 00:33:46:896 CPU/(8578:8578):  Ocurrio la interrupcion por instruccion: I/O
[INFO] 00:33:46:896 CPU/(8578:8578):  --- A ESPERA DE UNA OPERACION
[INFO] 00:33:56:897 CPU/(8578:8578):  -----------
[INFO] 00:33:56:897 CPU/(8578:8578):  El kernel envio un PCB con losn siguientes datos:
[INFO] 00:33:56:897 CPU/(8578:8578): 
id: 8585
[INFO] 00:33:56:897 CPU/(8578:8578): estimacion: 10000
[INFO] 00:33:56:897 CPU/(8578:8578): program counter: 5
[INFO] 00:33:56:897 CPU/(8578:8578): socket: 7
[INFO] 00:33:56:897 CPU/(8578:8578): numero de tabla: 0
[INFO] 00:33:56:897 CPU/(8578:8578): tamanio de consola: 34
[INFO] 00:33:56:897 CPU/(8578:8578): lista Instrucciones:
[INFO] 00:33:56:898 CPU/(8578:8578): NO_OP
[INFO] 00:33:56:898 CPU/(8578:8578): NO_OP
[INFO] 00:33:56:898 CPU/(8578:8578): NO_OP
[INFO] 00:33:56:898 CPU/(8578:8578): NO_OP
[INFO] 00:33:56:898 CPU/(8578:8578): I/O 5000
[INFO] 00:33:56:898 CPU/(8578:8578): EXIT
[INFO] 00:33:56:898 CPU/(8578:8578):  -----------

[INFO] 00:33:56:898 CPU/(8578:8578):  Nro de instrucion: 5
[INFO] 00:33:56:898 CPU/(8578:8578): instruccion/codigo op: EXIT
[INFO] 00:33:56:898 CPU/(8578:8578): 
id: 8585
[INFO] 00:33:56:898 CPU/(8578:8578): estimacion: 10000
[INFO] 00:33:56:898 CPU/(8578:8578): program counter: 6
[INFO] 00:33:56:898 CPU/(8578:8578): socket: 7
[INFO] 00:33:56:898 CPU/(8578:8578): numero de tabla: 0
[INFO] 00:33:56:898 CPU/(8578:8578): tamanio de consola: 34
[INFO] 00:33:56:898 CPU/(8578:8578): lista Instrucciones:
[INFO] 00:33:56:898 CPU/(8578:8578): NO_OP
[INFO] 00:33:56:898 CPU/(8578:8578): NO_OP
[INFO] 00:33:56:898 CPU/(8578:8578): NO_OP
[INFO] 00:33:56:898 CPU/(8578:8578): NO_OP
[INFO] 00:33:56:898 CPU/(8578:8578): I/O 5000
[INFO] 00:33:56:898 CPU/(8578:8578): EXIT
[INFO] 00:33:56:898 CPU/(8578:8578):  -----------

[INFO] 00:33:56:898 CPU/(8578:8578):  Ocurrio la interrupcion por instruccion: EXIT
[INFO] 00:33:56:898 CPU/(8578:8578):  --- A ESPERA DE UNA OPERACION
[ERROR] 00:35:26:283 CPU/(8578:8578): el cliente se desconecto. Terminando servidor para el socket kernel Nro: 5
[INFO] 00:35:26:284 CPU/(8578:8578): Entro: finalizar_cpu
[INFO] 00:52:20:649 CPU/(8937:8937): 
###### INICIO DE LOGGER ######
[INFO] 00:52:20:649 CPU/(8937:8937): Entro: iniciar_cpu
[INFO] 00:52:20:649 CPU/(8937:8937):  Lee archivo de configuraciones
[INFO] 00:52:20:649 CPU/(8937:8937): Asigno a los semaforos con valores iniciales
[INFO] 00:52:20:649 CPU/(8937:8937): Entro: iniciar_conexion_cpu_memoria
[INFO] 00:52:20:649 CPU/(8937:8937): Entro: iniciar_servidor_dispatch
[INFO] 00:52:20:649 CPU/(8937:8937): Entro: iniciar_servidor_cpu
[INFO] 00:52:20:649 CPU/(8937:8937):  Se creara un socket_servidor para la IP: 127.0.0.1
[INFO] 00:52:20:649 CPU/(8937:8937):  Se creara un socket_servidor en el PUERTO: 8001
[INFO] 00:52:20:650 CPU/(8937:8937):  Se creo el socket_servidor:  4, listo para escuchar al cliente
[INFO] 00:52:20:650 CPU/(8937:8937): Se creo el Hilo: interrupt
[INFO] 00:52:20:650 CPU/(8937:8937): Entro: esperar_cliente_dispatch
[INFO] 00:52:20:650 CPU/(8937:8937): Entro: esperar_cliente_cpu
[INFO] 00:52:20:650 CPU/(8937:8937):  Socket server recibido: 4
[INFO] 00:52:20:650 CPU/(8937:8937):  Queda BLOQUEADO este hilo hasta que se conecte un cliente
[INFO] 00:52:20:650 CPU/(8937:8938): Entro: escuchaInterrup(...)
[INFO] 00:52:20:650 CPU/(8937:8938): Entro: iniciar_servidor_interrupt
[INFO] 00:52:20:650 CPU/(8937:8938): Entro: iniciar_servidor_cpu
[INFO] 00:52:20:650 CPU/(8937:8938):  Se creara un socket_servidor para la IP: 127.0.0.1
[INFO] 00:52:20:650 CPU/(8937:8938):  Se creara un socket_servidor en el PUERTO: 8005
[INFO] 00:52:20:650 CPU/(8937:8938):  Se creo el socket_servidor:  6, listo para escuchar al cliente
[INFO] 00:52:20:650 CPU/(8937:8938): Entro: esperar_cliente_interrupt
[INFO] 00:52:20:650 CPU/(8937:8938): Entro: esperar_cliente_cpu
[INFO] 00:52:20:650 CPU/(8937:8938):  Socket server recibido: 6
[INFO] 00:52:20:650 CPU/(8937:8938):  Queda BLOQUEADO este hilo hasta que se conecte un cliente
[INFO] 00:52:23:756 CPU/(8937:8937):  Termino el BLOQUEO
[INFO] 00:52:23:756 CPU/(8937:8937):  Se conecto un cliente y se creo el socket_cliente: 5. Puerto tipo: dispatch
[INFO] 00:52:23:756 CPU/(8937:8937): INICIO: recibir_operaciones()
[INFO] 00:52:23:756 CPU/(8937:8937):  --- A ESPERA DE UNA OPERACION
[INFO] 00:52:32:230 CPU/(8937:8937):  -----------
[INFO] 00:52:32:230 CPU/(8937:8937):  El kernel envio un PCB:
[INFO] 00:52:32:230 CPU/(8937:8937):    id: 8939
[INFO] 00:52:32:230 CPU/(8937:8937):    estimacion: 10000
[INFO] 00:52:32:230 CPU/(8937:8937):    program counter: 0
[INFO] 00:52:32:230 CPU/(8937:8937):    socket: 7
[INFO] 00:52:32:230 CPU/(8937:8937):    numero de tabla: 0
[INFO] 00:52:32:230 CPU/(8937:8937):    tamanio de consola: 34
[INFO] 00:52:32:230 CPU/(8937:8937):    lista Instrucciones:
[INFO] 00:52:32:230 CPU/(8937:8937): NO_OP
[INFO] 00:52:32:230 CPU/(8937:8937): NO_OP
[INFO] 00:52:32:230 CPU/(8937:8937): NO_OP
[INFO] 00:52:32:230 CPU/(8937:8937): NO_OP
[INFO] 00:52:32:230 CPU/(8937:8937): I/O 5000
[INFO] 00:52:32:230 CPU/(8937:8937): EXIT
[INFO] 00:52:32:230 CPU/(8937:8937):   Nro de instrucion: 0
[INFO] 00:52:32:230 CPU/(8937:8937):   instruccion/codigo op: NO_OP
[INFO] 00:53:05:486 CPU/(8951:8951): 
